Determining if the pthread_create exist failed with the following output:
Change Dir: /home/jwwennersten/catkin_ws/build/CMakeFiles/CMakeTmp

Run Build Command:/usr/bin/make "cmTryCompileExec236225501/fast"
/usr/bin/make -f CMakeFiles/cmTryCompileExec236225501.dir/build.make CMakeFiles/cmTryCompileExec236225501.dir/build
make[1]: Entering directory `/home/jwwennersten/catkin_ws/build/CMakeFiles/CMakeTmp'
/usr/bin/cmake -E cmake_progress_report /home/jwwennersten/catkin_ws/build/CMakeFiles/CMakeTmp/CMakeFiles 1
Building C object CMakeFiles/cmTryCompileExec236225501.dir/CheckSymbolExists.c.o
/usr/bin/cc    -o CMakeFiles/cmTryCompileExec236225501.dir/CheckSymbolExists.c.o   -c /home/jwwennersten/catkin_ws/build/CMakeFiles/CMakeTmp/CheckSymbolExists.c
Linking C executable cmTryCompileExec236225501
/usr/bin/cmake -E cmake_link_script CMakeFiles/cmTryCompileExec236225501.dir/link.txt --verbose=1
/usr/bin/cc       CMakeFiles/cmTryCompileExec236225501.dir/CheckSymbolExists.c.o  -o cmTryCompileExec236225501 -rdynamic 
CMakeFiles/cmTryCompileExec236225501.dir/CheckSymbolExists.c.o: In function `main':
CheckSymbolExists.c:(.text+0x16): undefined reference to `pthread_create'
collect2: error: ld returned 1 exit status
make[1]: *** [cmTryCompileExec236225501] Error 1
make[1]: Leaving directory `/home/jwwennersten/catkin_ws/build/CMakeFiles/CMakeTmp'
make: *** [cmTryCompileExec236225501/fast] Error 2

File /home/jwwennersten/catkin_ws/build/CMakeFiles/CMakeTmp/CheckSymbolExists.c:
/* */
#include <pthread.h>

int main(int argc, char** argv)
{
  (void)argv;
#ifndef pthread_create
  return ((int*)(&pthread_create))[argc];
#else
  (void)argc;
  return 0;
#endif
}

Determining if the function pthread_create exists in the pthreads failed with the following output:
Change Dir: /home/jwwennersten/catkin_ws/build/CMakeFiles/CMakeTmp

Run Build Command:/usr/bin/make "cmTryCompileExec3061303830/fast"
/usr/bin/make -f CMakeFiles/cmTryCompileExec3061303830.dir/build.make CMakeFiles/cmTryCompileExec3061303830.dir/build
make[1]: Entering directory `/home/jwwennersten/catkin_ws/build/CMakeFiles/CMakeTmp'
/usr/bin/cmake -E cmake_progress_report /home/jwwennersten/catkin_ws/build/CMakeFiles/CMakeTmp/CMakeFiles 1
Building C object CMakeFiles/cmTryCompileExec3061303830.dir/CheckFunctionExists.c.o
/usr/bin/cc   -DCHECK_FUNCTION_EXISTS=pthread_create   -o CMakeFiles/cmTryCompileExec3061303830.dir/CheckFunctionExists.c.o   -c /usr/share/cmake-2.8/Modules/CheckFunctionExists.c
Linking C executable cmTryCompileExec3061303830
/usr/bin/cmake -E cmake_link_script CMakeFiles/cmTryCompileExec3061303830.dir/link.txt --verbose=1
/usr/bin/cc   -DCHECK_FUNCTION_EXISTS=pthread_create    CMakeFiles/cmTryCompileExec3061303830.dir/CheckFunctionExists.c.o  -o cmTryCompileExec3061303830 -rdynamic -lpthreads 
/usr/bin/ld: cannot find -lpthreads
collect2: error: ld returned 1 exit status
make[1]: *** [cmTryCompileExec3061303830] Error 1
make[1]: Leaving directory `/home/jwwennersten/catkin_ws/build/CMakeFiles/CMakeTmp'
make: *** [cmTryCompileExec3061303830/fast] Error 2


